[2025-08-12 21:23:01] local.ERROR: SQLSTATE[42S02]: Base table or view not found: 1146 Table 'laravel.telescope_entries' doesn't exist (Connection: mysql, SQL: insert into `telescope_entries` (`batch_id`, `content`, `created_at`, `family_hash`, `type`, `uuid`) values (9f9e9082-3578-4f06-b5ba-3c5f0c72594b, {"command":"vendor:publish","exit_code":0,"arguments":{"command":"vendor:publish"},"options":{"existing":false,"force":true,"all":false,"provider":null,"tag":["laravel-assets"],"help":false,"silent":false,"quiet":false,"verbose":false,"version":false,"ansi":true,"no-interaction":false,"env":null},"hostname":"Jherson"}, 2025-08-12 21:23:00, ?, command, 9f9e9082-229d-4911-b445-be125aa215a7)) {"exception":"[object] (Illuminate\\Database\\QueryException(code: 42S02): SQLSTATE[42S02]: Base table or view not found: 1146 Table 'laravel.telescope_entries' doesn't exist (Connection: mysql, SQL: insert into `telescope_entries` (`batch_id`, `content`, `created_at`, `family_hash`, `type`, `uuid`) values (9f9e9082-3578-4f06-b5ba-3c5f0c72594b, {\"command\":\"vendor:publish\",\"exit_code\":0,\"arguments\":{\"command\":\"vendor:publish\"},\"options\":{\"existing\":false,\"force\":true,\"all\":false,\"provider\":null,\"tag\":[\"laravel-assets\"],\"help\":false,\"silent\":false,\"quiet\":false,\"verbose\":false,\"version\":false,\"ansi\":true,\"no-interaction\":false,\"env\":null},\"hostname\":\"Jherson\"}, 2025-08-12 21:23:00, ?, command, 9f9e9082-229d-4911-b445-be125aa215a7)) at C:\\Users\\rraul\\Desktop\\Probando\\laravel-mid-level-project-task-api-raulquispe\\vendor\\laravel\\framework\\src\\Illuminate\\Database\\Connection.php:824)
[stacktrace]
#0 C:\\Users\\rraul\\Desktop\\Probando\\laravel-mid-level-project-task-api-raulquispe\\vendor\\laravel\\framework\\src\\Illuminate\\Database\\Connection.php(778): Illuminate\\Database\\Connection->runQueryCallback()
#1 C:\\Users\\rraul\\Desktop\\Probando\\laravel-mid-level-project-task-api-raulquispe\\vendor\\laravel\\framework\\src\\Illuminate\\Database\\MySqlConnection.php(42): Illuminate\\Database\\Connection->run()
#2 C:\\Users\\rraul\\Desktop\\Probando\\laravel-mid-level-project-task-api-raulquispe\\vendor\\laravel\\framework\\src\\Illuminate\\Database\\Query\\Builder.php(3804): Illuminate\\Database\\MySqlConnection->insert()
#3 C:\\Users\\rraul\\Desktop\\Probando\\laravel-mid-level-project-task-api-raulquispe\\vendor\\laravel\\telescope\\src\\Storage\\DatabaseEntriesRepository.php(145): Illuminate\\Database\\Query\\Builder->insert()
#4 C:\\Users\\rraul\\Desktop\\Probando\\laravel-mid-level-project-task-api-raulquispe\\vendor\\laravel\\framework\\src\\Illuminate\\Collections\\Traits\\EnumeratesValues.php(271): Laravel\\Telescope\\Storage\\DatabaseEntriesRepository->Laravel\\Telescope\\Storage\\{closure}()
#5 C:\\Users\\rraul\\Desktop\\Probando\\laravel-mid-level-project-task-api-raulquispe\\vendor\\laravel\\telescope\\src\\Storage\\DatabaseEntriesRepository.php(144): Illuminate\\Support\\Collection->each()
#6 C:\\Users\\rraul\\Desktop\\Probando\\laravel-mid-level-project-task-api-raulquispe\\vendor\\laravel\\telescope\\src\\Telescope.php(664): Laravel\\Telescope\\Storage\\DatabaseEntriesRepository->store()
#7 [internal function]: Laravel\\Telescope\\Telescope::Laravel\\Telescope\\{closure}()
#8 C:\\Users\\rraul\\Desktop\\Probando\\laravel-mid-level-project-task-api-raulquispe\\vendor\\laravel\\telescope\\src\\Telescope.php(289): call_user_func()
#9 C:\\Users\\rraul\\Desktop\\Probando\\laravel-mid-level-project-task-api-raulquispe\\vendor\\laravel\\telescope\\src\\Telescope.php(656): Laravel\\Telescope\\Telescope::withoutRecording()
#10 C:\\Users\\rraul\\Desktop\\Probando\\laravel-mid-level-project-task-api-raulquispe\\vendor\\laravel\\telescope\\src\\ListensForStorageOpportunities.php(65): Laravel\\Telescope\\Telescope::store()
#11 C:\\Users\\rraul\\Desktop\\Probando\\laravel-mid-level-project-task-api-raulquispe\\vendor\\laravel\\framework\\src\\Illuminate\\Container\\BoundMethod.php(36): Laravel\\Telescope\\Telescope::Laravel\\Telescope\\{closure}()
#12 C:\\Users\\rraul\\Desktop\\Probando\\laravel-mid-level-project-task-api-raulquispe\\vendor\\laravel\\framework\\src\\Illuminate\\Container\\Util.php(43): Illuminate\\Container\\BoundMethod::Illuminate\\Container\\{closure}()
#13 C:\\Users\\rraul\\Desktop\\Probando\\laravel-mid-level-project-task-api-raulquispe\\vendor\\laravel\\framework\\src\\Illuminate\\Container\\BoundMethod.php(84): Illuminate\\Container\\Util::unwrapIfClosure()
#14 C:\\Users\\rraul\\Desktop\\Probando\\laravel-mid-level-project-task-api-raulquispe\\vendor\\laravel\\framework\\src\\Illuminate\\Container\\BoundMethod.php(35): Illuminate\\Container\\BoundMethod::callBoundMethod()
#15 C:\\Users\\rraul\\Desktop\\Probando\\laravel-mid-level-project-task-api-raulquispe\\vendor\\laravel\\framework\\src\\Illuminate\\Container\\Container.php(812): Illuminate\\Container\\BoundMethod::call()
#16 C:\\Users\\rraul\\Desktop\\Probando\\laravel-mid-level-project-task-api-raulquispe\\vendor\\laravel\\framework\\src\\Illuminate\\Foundation\\Application.php(1451): Illuminate\\Container\\Container->call()
#17 C:\\Users\\rraul\\Desktop\\Probando\\laravel-mid-level-project-task-api-raulquispe\\vendor\\laravel\\framework\\src\\Illuminate\\Foundation\\Console\\Kernel.php(218): Illuminate\\Foundation\\Application->terminate()
#18 C:\\Users\\rraul\\Desktop\\Probando\\laravel-mid-level-project-task-api-raulquispe\\vendor\\laravel\\framework\\src\\Illuminate\\Foundation\\Application.php(1239): Illuminate\\Foundation\\Console\\Kernel->terminate()
#19 C:\\Users\\rraul\\Desktop\\Probando\\laravel-mid-level-project-task-api-raulquispe\\artisan(16): Illuminate\\Foundation\\Application->handleCommand()
#20 {main}

[previous exception] [object] (PDOException(code: 42S02): SQLSTATE[42S02]: Base table or view not found: 1146 Table 'laravel.telescope_entries' doesn't exist at C:\\Users\\rraul\\Desktop\\Probando\\laravel-mid-level-project-task-api-raulquispe\\vendor\\laravel\\framework\\src\\Illuminate\\Database\\MySqlConnection.php:47)
[stacktrace]
#0 C:\\Users\\rraul\\Desktop\\Probando\\laravel-mid-level-project-task-api-raulquispe\\vendor\\laravel\\framework\\src\\Illuminate\\Database\\MySqlConnection.php(47): PDO->prepare()
#1 C:\\Users\\rraul\\Desktop\\Probando\\laravel-mid-level-project-task-api-raulquispe\\vendor\\laravel\\framework\\src\\Illuminate\\Database\\Connection.php(811): Illuminate\\Database\\MySqlConnection->Illuminate\\Database\\{closure}()
#2 C:\\Users\\rraul\\Desktop\\Probando\\laravel-mid-level-project-task-api-raulquispe\\vendor\\laravel\\framework\\src\\Illuminate\\Database\\Connection.php(778): Illuminate\\Database\\Connection->runQueryCallback()
#3 C:\\Users\\rraul\\Desktop\\Probando\\laravel-mid-level-project-task-api-raulquispe\\vendor\\laravel\\framework\\src\\Illuminate\\Database\\MySqlConnection.php(42): Illuminate\\Database\\Connection->run()
#4 C:\\Users\\rraul\\Desktop\\Probando\\laravel-mid-level-project-task-api-raulquispe\\vendor\\laravel\\framework\\src\\Illuminate\\Database\\Query\\Builder.php(3804): Illuminate\\Database\\MySqlConnection->insert()
#5 C:\\Users\\rraul\\Desktop\\Probando\\laravel-mid-level-project-task-api-raulquispe\\vendor\\laravel\\telescope\\src\\Storage\\DatabaseEntriesRepository.php(145): Illuminate\\Database\\Query\\Builder->insert()
#6 C:\\Users\\rraul\\Desktop\\Probando\\laravel-mid-level-project-task-api-raulquispe\\vendor\\laravel\\framework\\src\\Illuminate\\Collections\\Traits\\EnumeratesValues.php(271): Laravel\\Telescope\\Storage\\DatabaseEntriesRepository->Laravel\\Telescope\\Storage\\{closure}()
#7 C:\\Users\\rraul\\Desktop\\Probando\\laravel-mid-level-project-task-api-raulquispe\\vendor\\laravel\\telescope\\src\\Storage\\DatabaseEntriesRepository.php(144): Illuminate\\Support\\Collection->each()
#8 C:\\Users\\rraul\\Desktop\\Probando\\laravel-mid-level-project-task-api-raulquispe\\vendor\\laravel\\telescope\\src\\Telescope.php(664): Laravel\\Telescope\\Storage\\DatabaseEntriesRepository->store()
#9 [internal function]: Laravel\\Telescope\\Telescope::Laravel\\Telescope\\{closure}()
#10 C:\\Users\\rraul\\Desktop\\Probando\\laravel-mid-level-project-task-api-raulquispe\\vendor\\laravel\\telescope\\src\\Telescope.php(289): call_user_func()
#11 C:\\Users\\rraul\\Desktop\\Probando\\laravel-mid-level-project-task-api-raulquispe\\vendor\\laravel\\telescope\\src\\Telescope.php(656): Laravel\\Telescope\\Telescope::withoutRecording()
#12 C:\\Users\\rraul\\Desktop\\Probando\\laravel-mid-level-project-task-api-raulquispe\\vendor\\laravel\\telescope\\src\\ListensForStorageOpportunities.php(65): Laravel\\Telescope\\Telescope::store()
#13 C:\\Users\\rraul\\Desktop\\Probando\\laravel-mid-level-project-task-api-raulquispe\\vendor\\laravel\\framework\\src\\Illuminate\\Container\\BoundMethod.php(36): Laravel\\Telescope\\Telescope::Laravel\\Telescope\\{closure}()
#14 C:\\Users\\rraul\\Desktop\\Probando\\laravel-mid-level-project-task-api-raulquispe\\vendor\\laravel\\framework\\src\\Illuminate\\Container\\Util.php(43): Illuminate\\Container\\BoundMethod::Illuminate\\Container\\{closure}()
#15 C:\\Users\\rraul\\Desktop\\Probando\\laravel-mid-level-project-task-api-raulquispe\\vendor\\laravel\\framework\\src\\Illuminate\\Container\\BoundMethod.php(84): Illuminate\\Container\\Util::unwrapIfClosure()
#16 C:\\Users\\rraul\\Desktop\\Probando\\laravel-mid-level-project-task-api-raulquispe\\vendor\\laravel\\framework\\src\\Illuminate\\Container\\BoundMethod.php(35): Illuminate\\Container\\BoundMethod::callBoundMethod()
#17 C:\\Users\\rraul\\Desktop\\Probando\\laravel-mid-level-project-task-api-raulquispe\\vendor\\laravel\\framework\\src\\Illuminate\\Container\\Container.php(812): Illuminate\\Container\\BoundMethod::call()
#18 C:\\Users\\rraul\\Desktop\\Probando\\laravel-mid-level-project-task-api-raulquispe\\vendor\\laravel\\framework\\src\\Illuminate\\Foundation\\Application.php(1451): Illuminate\\Container\\Container->call()
#19 C:\\Users\\rraul\\Desktop\\Probando\\laravel-mid-level-project-task-api-raulquispe\\vendor\\laravel\\framework\\src\\Illuminate\\Foundation\\Console\\Kernel.php(218): Illuminate\\Foundation\\Application->terminate()
#20 C:\\Users\\rraul\\Desktop\\Probando\\laravel-mid-level-project-task-api-raulquispe\\vendor\\laravel\\framework\\src\\Illuminate\\Foundation\\Application.php(1239): Illuminate\\Foundation\\Console\\Kernel->terminate()
#21 C:\\Users\\rraul\\Desktop\\Probando\\laravel-mid-level-project-task-api-raulquispe\\artisan(16): Illuminate\\Foundation\\Application->handleCommand()
#22 {main}
"} 
[2025-08-12 21:24:49] local.ERROR: SQLSTATE[42S02]: Base table or view not found: 1146 Table 'laravel.telescope_entries' doesn't exist (Connection: mysql, SQL: insert into `telescope_entries` (`batch_id`, `content`, `created_at`, `family_hash`, `type`, `uuid`) values (9f9e9127-901f-48a3-9cf7-ddc7f85e193b, {"command":"vendor:publish","exit_code":0,"arguments":{"command":"vendor:publish"},"options":{"existing":false,"force":false,"all":false,"provider":"OwenIt\\AuditingServiceProvider","tag":[],"help":false,"silent":false,"quiet":false,"verbose":false,"version":false,"ansi":null,"no-interaction":false,"env":null},"hostname":"Jherson"}, 2025-08-12 21:24:49, ?, command, 9f9e9127-876e-4db6-9f9f-1571f5ed3b62)) {"exception":"[object] (Illuminate\\Database\\QueryException(code: 42S02): SQLSTATE[42S02]: Base table or view not found: 1146 Table 'laravel.telescope_entries' doesn't exist (Connection: mysql, SQL: insert into `telescope_entries` (`batch_id`, `content`, `created_at`, `family_hash`, `type`, `uuid`) values (9f9e9127-901f-48a3-9cf7-ddc7f85e193b, {\"command\":\"vendor:publish\",\"exit_code\":0,\"arguments\":{\"command\":\"vendor:publish\"},\"options\":{\"existing\":false,\"force\":false,\"all\":false,\"provider\":\"OwenIt\\\\AuditingServiceProvider\",\"tag\":[],\"help\":false,\"silent\":false,\"quiet\":false,\"verbose\":false,\"version\":false,\"ansi\":null,\"no-interaction\":false,\"env\":null},\"hostname\":\"Jherson\"}, 2025-08-12 21:24:49, ?, command, 9f9e9127-876e-4db6-9f9f-1571f5ed3b62)) at C:\\Users\\rraul\\Desktop\\Probando\\laravel-mid-level-project-task-api-raulquispe\\vendor\\laravel\\framework\\src\\Illuminate\\Database\\Connection.php:824)
[stacktrace]
#0 C:\\Users\\rraul\\Desktop\\Probando\\laravel-mid-level-project-task-api-raulquispe\\vendor\\laravel\\framework\\src\\Illuminate\\Database\\Connection.php(778): Illuminate\\Database\\Connection->runQueryCallback()
#1 C:\\Users\\rraul\\Desktop\\Probando\\laravel-mid-level-project-task-api-raulquispe\\vendor\\laravel\\framework\\src\\Illuminate\\Database\\MySqlConnection.php(42): Illuminate\\Database\\Connection->run()
#2 C:\\Users\\rraul\\Desktop\\Probando\\laravel-mid-level-project-task-api-raulquispe\\vendor\\laravel\\framework\\src\\Illuminate\\Database\\Query\\Builder.php(3804): Illuminate\\Database\\MySqlConnection->insert()
#3 C:\\Users\\rraul\\Desktop\\Probando\\laravel-mid-level-project-task-api-raulquispe\\vendor\\laravel\\telescope\\src\\Storage\\DatabaseEntriesRepository.php(145): Illuminate\\Database\\Query\\Builder->insert()
#4 C:\\Users\\rraul\\Desktop\\Probando\\laravel-mid-level-project-task-api-raulquispe\\vendor\\laravel\\framework\\src\\Illuminate\\Collections\\Traits\\EnumeratesValues.php(271): Laravel\\Telescope\\Storage\\DatabaseEntriesRepository->Laravel\\Telescope\\Storage\\{closure}()
#5 C:\\Users\\rraul\\Desktop\\Probando\\laravel-mid-level-project-task-api-raulquispe\\vendor\\laravel\\telescope\\src\\Storage\\DatabaseEntriesRepository.php(144): Illuminate\\Support\\Collection->each()
#6 C:\\Users\\rraul\\Desktop\\Probando\\laravel-mid-level-project-task-api-raulquispe\\vendor\\laravel\\telescope\\src\\Telescope.php(664): Laravel\\Telescope\\Storage\\DatabaseEntriesRepository->store()
#7 [internal function]: Laravel\\Telescope\\Telescope::Laravel\\Telescope\\{closure}()
#8 C:\\Users\\rraul\\Desktop\\Probando\\laravel-mid-level-project-task-api-raulquispe\\vendor\\laravel\\telescope\\src\\Telescope.php(289): call_user_func()
#9 C:\\Users\\rraul\\Desktop\\Probando\\laravel-mid-level-project-task-api-raulquispe\\vendor\\laravel\\telescope\\src\\Telescope.php(656): Laravel\\Telescope\\Telescope::withoutRecording()
#10 C:\\Users\\rraul\\Desktop\\Probando\\laravel-mid-level-project-task-api-raulquispe\\vendor\\laravel\\telescope\\src\\ListensForStorageOpportunities.php(65): Laravel\\Telescope\\Telescope::store()
#11 C:\\Users\\rraul\\Desktop\\Probando\\laravel-mid-level-project-task-api-raulquispe\\vendor\\laravel\\framework\\src\\Illuminate\\Container\\BoundMethod.php(36): Laravel\\Telescope\\Telescope::Laravel\\Telescope\\{closure}()
#12 C:\\Users\\rraul\\Desktop\\Probando\\laravel-mid-level-project-task-api-raulquispe\\vendor\\laravel\\framework\\src\\Illuminate\\Container\\Util.php(43): Illuminate\\Container\\BoundMethod::Illuminate\\Container\\{closure}()
#13 C:\\Users\\rraul\\Desktop\\Probando\\laravel-mid-level-project-task-api-raulquispe\\vendor\\laravel\\framework\\src\\Illuminate\\Container\\BoundMethod.php(84): Illuminate\\Container\\Util::unwrapIfClosure()
#14 C:\\Users\\rraul\\Desktop\\Probando\\laravel-mid-level-project-task-api-raulquispe\\vendor\\laravel\\framework\\src\\Illuminate\\Container\\BoundMethod.php(35): Illuminate\\Container\\BoundMethod::callBoundMethod()
#15 C:\\Users\\rraul\\Desktop\\Probando\\laravel-mid-level-project-task-api-raulquispe\\vendor\\laravel\\framework\\src\\Illuminate\\Container\\Container.php(812): Illuminate\\Container\\BoundMethod::call()
#16 C:\\Users\\rraul\\Desktop\\Probando\\laravel-mid-level-project-task-api-raulquispe\\vendor\\laravel\\framework\\src\\Illuminate\\Foundation\\Application.php(1451): Illuminate\\Container\\Container->call()
#17 C:\\Users\\rraul\\Desktop\\Probando\\laravel-mid-level-project-task-api-raulquispe\\vendor\\laravel\\framework\\src\\Illuminate\\Foundation\\Console\\Kernel.php(218): Illuminate\\Foundation\\Application->terminate()
#18 C:\\Users\\rraul\\Desktop\\Probando\\laravel-mid-level-project-task-api-raulquispe\\vendor\\laravel\\framework\\src\\Illuminate\\Foundation\\Application.php(1239): Illuminate\\Foundation\\Console\\Kernel->terminate()
#19 C:\\Users\\rraul\\Desktop\\Probando\\laravel-mid-level-project-task-api-raulquispe\\artisan(16): Illuminate\\Foundation\\Application->handleCommand()
#20 {main}

[previous exception] [object] (PDOException(code: 42S02): SQLSTATE[42S02]: Base table or view not found: 1146 Table 'laravel.telescope_entries' doesn't exist at C:\\Users\\rraul\\Desktop\\Probando\\laravel-mid-level-project-task-api-raulquispe\\vendor\\laravel\\framework\\src\\Illuminate\\Database\\MySqlConnection.php:47)
[stacktrace]
#0 C:\\Users\\rraul\\Desktop\\Probando\\laravel-mid-level-project-task-api-raulquispe\\vendor\\laravel\\framework\\src\\Illuminate\\Database\\MySqlConnection.php(47): PDO->prepare()
#1 C:\\Users\\rraul\\Desktop\\Probando\\laravel-mid-level-project-task-api-raulquispe\\vendor\\laravel\\framework\\src\\Illuminate\\Database\\Connection.php(811): Illuminate\\Database\\MySqlConnection->Illuminate\\Database\\{closure}()
#2 C:\\Users\\rraul\\Desktop\\Probando\\laravel-mid-level-project-task-api-raulquispe\\vendor\\laravel\\framework\\src\\Illuminate\\Database\\Connection.php(778): Illuminate\\Database\\Connection->runQueryCallback()
#3 C:\\Users\\rraul\\Desktop\\Probando\\laravel-mid-level-project-task-api-raulquispe\\vendor\\laravel\\framework\\src\\Illuminate\\Database\\MySqlConnection.php(42): Illuminate\\Database\\Connection->run()
#4 C:\\Users\\rraul\\Desktop\\Probando\\laravel-mid-level-project-task-api-raulquispe\\vendor\\laravel\\framework\\src\\Illuminate\\Database\\Query\\Builder.php(3804): Illuminate\\Database\\MySqlConnection->insert()
#5 C:\\Users\\rraul\\Desktop\\Probando\\laravel-mid-level-project-task-api-raulquispe\\vendor\\laravel\\telescope\\src\\Storage\\DatabaseEntriesRepository.php(145): Illuminate\\Database\\Query\\Builder->insert()
#6 C:\\Users\\rraul\\Desktop\\Probando\\laravel-mid-level-project-task-api-raulquispe\\vendor\\laravel\\framework\\src\\Illuminate\\Collections\\Traits\\EnumeratesValues.php(271): Laravel\\Telescope\\Storage\\DatabaseEntriesRepository->Laravel\\Telescope\\Storage\\{closure}()
#7 C:\\Users\\rraul\\Desktop\\Probando\\laravel-mid-level-project-task-api-raulquispe\\vendor\\laravel\\telescope\\src\\Storage\\DatabaseEntriesRepository.php(144): Illuminate\\Support\\Collection->each()
#8 C:\\Users\\rraul\\Desktop\\Probando\\laravel-mid-level-project-task-api-raulquispe\\vendor\\laravel\\telescope\\src\\Telescope.php(664): Laravel\\Telescope\\Storage\\DatabaseEntriesRepository->store()
#9 [internal function]: Laravel\\Telescope\\Telescope::Laravel\\Telescope\\{closure}()
#10 C:\\Users\\rraul\\Desktop\\Probando\\laravel-mid-level-project-task-api-raulquispe\\vendor\\laravel\\telescope\\src\\Telescope.php(289): call_user_func()
#11 C:\\Users\\rraul\\Desktop\\Probando\\laravel-mid-level-project-task-api-raulquispe\\vendor\\laravel\\telescope\\src\\Telescope.php(656): Laravel\\Telescope\\Telescope::withoutRecording()
#12 C:\\Users\\rraul\\Desktop\\Probando\\laravel-mid-level-project-task-api-raulquispe\\vendor\\laravel\\telescope\\src\\ListensForStorageOpportunities.php(65): Laravel\\Telescope\\Telescope::store()
#13 C:\\Users\\rraul\\Desktop\\Probando\\laravel-mid-level-project-task-api-raulquispe\\vendor\\laravel\\framework\\src\\Illuminate\\Container\\BoundMethod.php(36): Laravel\\Telescope\\Telescope::Laravel\\Telescope\\{closure}()
#14 C:\\Users\\rraul\\Desktop\\Probando\\laravel-mid-level-project-task-api-raulquispe\\vendor\\laravel\\framework\\src\\Illuminate\\Container\\Util.php(43): Illuminate\\Container\\BoundMethod::Illuminate\\Container\\{closure}()
#15 C:\\Users\\rraul\\Desktop\\Probando\\laravel-mid-level-project-task-api-raulquispe\\vendor\\laravel\\framework\\src\\Illuminate\\Container\\BoundMethod.php(84): Illuminate\\Container\\Util::unwrapIfClosure()
#16 C:\\Users\\rraul\\Desktop\\Probando\\laravel-mid-level-project-task-api-raulquispe\\vendor\\laravel\\framework\\src\\Illuminate\\Container\\BoundMethod.php(35): Illuminate\\Container\\BoundMethod::callBoundMethod()
#17 C:\\Users\\rraul\\Desktop\\Probando\\laravel-mid-level-project-task-api-raulquispe\\vendor\\laravel\\framework\\src\\Illuminate\\Container\\Container.php(812): Illuminate\\Container\\BoundMethod::call()
#18 C:\\Users\\rraul\\Desktop\\Probando\\laravel-mid-level-project-task-api-raulquispe\\vendor\\laravel\\framework\\src\\Illuminate\\Foundation\\Application.php(1451): Illuminate\\Container\\Container->call()
#19 C:\\Users\\rraul\\Desktop\\Probando\\laravel-mid-level-project-task-api-raulquispe\\vendor\\laravel\\framework\\src\\Illuminate\\Foundation\\Console\\Kernel.php(218): Illuminate\\Foundation\\Application->terminate()
#20 C:\\Users\\rraul\\Desktop\\Probando\\laravel-mid-level-project-task-api-raulquispe\\vendor\\laravel\\framework\\src\\Illuminate\\Foundation\\Application.php(1239): Illuminate\\Foundation\\Console\\Kernel->terminate()
#21 C:\\Users\\rraul\\Desktop\\Probando\\laravel-mid-level-project-task-api-raulquispe\\artisan(16): Illuminate\\Foundation\\Application->handleCommand()
#22 {main}
"} 
[2025-08-12 21:25:09] local.ERROR: No arguments expected for "vendor:publish" command, got "OwenIt\AuditingServiceProvider". {"exception":"[object] (Symfony\\Component\\Console\\Exception\\RuntimeException(code: 0): No arguments expected for \"vendor:publish\" command, got \"OwenIt\\AuditingServiceProvider\". at C:\\Users\\rraul\\Desktop\\Probando\\laravel-mid-level-project-task-api-raulquispe\\vendor\\symfony\\console\\Input\\ArgvInput.php:199)
[stacktrace]
#0 C:\\Users\\rraul\\Desktop\\Probando\\laravel-mid-level-project-task-api-raulquispe\\vendor\\symfony\\console\\Input\\ArgvInput.php(92): Symfony\\Component\\Console\\Input\\ArgvInput->parseArgument()
#1 C:\\Users\\rraul\\Desktop\\Probando\\laravel-mid-level-project-task-api-raulquispe\\vendor\\symfony\\console\\Input\\ArgvInput.php(77): Symfony\\Component\\Console\\Input\\ArgvInput->parseToken()
#2 C:\\Users\\rraul\\Desktop\\Probando\\laravel-mid-level-project-task-api-raulquispe\\vendor\\symfony\\console\\Input\\Input.php(53): Symfony\\Component\\Console\\Input\\ArgvInput->parse()
#3 C:\\Users\\rraul\\Desktop\\Probando\\laravel-mid-level-project-task-api-raulquispe\\vendor\\symfony\\console\\Command\\Command.php(276): Symfony\\Component\\Console\\Input\\Input->bind()
#4 C:\\Users\\rraul\\Desktop\\Probando\\laravel-mid-level-project-task-api-raulquispe\\vendor\\laravel\\framework\\src\\Illuminate\\Console\\Command.php(180): Symfony\\Component\\Console\\Command\\Command->run()
#5 C:\\Users\\rraul\\Desktop\\Probando\\laravel-mid-level-project-task-api-raulquispe\\vendor\\symfony\\console\\Application.php(1092): Illuminate\\Console\\Command->run()
#6 C:\\Users\\rraul\\Desktop\\Probando\\laravel-mid-level-project-task-api-raulquispe\\vendor\\symfony\\console\\Application.php(341): Symfony\\Component\\Console\\Application->doRunCommand()
#7 C:\\Users\\rraul\\Desktop\\Probando\\laravel-mid-level-project-task-api-raulquispe\\vendor\\symfony\\console\\Application.php(192): Symfony\\Component\\Console\\Application->doRun()
#8 C:\\Users\\rraul\\Desktop\\Probando\\laravel-mid-level-project-task-api-raulquispe\\vendor\\laravel\\framework\\src\\Illuminate\\Foundation\\Console\\Kernel.php(197): Symfony\\Component\\Console\\Application->run()
#9 C:\\Users\\rraul\\Desktop\\Probando\\laravel-mid-level-project-task-api-raulquispe\\vendor\\laravel\\framework\\src\\Illuminate\\Foundation\\Application.php(1234): Illuminate\\Foundation\\Console\\Kernel->handle()
#10 C:\\Users\\rraul\\Desktop\\Probando\\laravel-mid-level-project-task-api-raulquispe\\artisan(16): Illuminate\\Foundation\\Application->handleCommand()
#11 {main}
"} 
[2025-08-12 21:25:09] local.ERROR: SQLSTATE[42S02]: Base table or view not found: 1146 Table 'laravel.telescope_entries' doesn't exist (Connection: mysql, SQL: select count(*) as aggregate from `telescope_entries` where `type` = exception and `family_hash` = 36c04050c761cc5bf053a50c2d09683a) {"exception":"[object] (Illuminate\\Database\\QueryException(code: 42S02): SQLSTATE[42S02]: Base table or view not found: 1146 Table 'laravel.telescope_entries' doesn't exist (Connection: mysql, SQL: select count(*) as aggregate from `telescope_entries` where `type` = exception and `family_hash` = 36c04050c761cc5bf053a50c2d09683a) at C:\\Users\\rraul\\Desktop\\Probando\\laravel-mid-level-project-task-api-raulquispe\\vendor\\laravel\\framework\\src\\Illuminate\\Database\\Connection.php:824)
[stacktrace]
#0 C:\\Users\\rraul\\Desktop\\Probando\\laravel-mid-level-project-task-api-raulquispe\\vendor\\laravel\\framework\\src\\Illuminate\\Database\\Connection.php(778): Illuminate\\Database\\Connection->runQueryCallback()
#1 C:\\Users\\rraul\\Desktop\\Probando\\laravel-mid-level-project-task-api-raulquispe\\vendor\\laravel\\framework\\src\\Illuminate\\Database\\Connection.php(397): Illuminate\\Database\\Connection->run()
#2 C:\\Users\\rraul\\Desktop\\Probando\\laravel-mid-level-project-task-api-raulquispe\\vendor\\laravel\\framework\\src\\Illuminate\\Database\\Query\\Builder.php(3188): Illuminate\\Database\\Connection->select()
#3 C:\\Users\\rraul\\Desktop\\Probando\\laravel-mid-level-project-task-api-raulquispe\\vendor\\laravel\\framework\\src\\Illuminate\\Database\\Query\\Builder.php(3173): Illuminate\\Database\\Query\\Builder->runSelect()
#4 C:\\Users\\rraul\\Desktop\\Probando\\laravel-mid-level-project-task-api-raulquispe\\vendor\\laravel\\framework\\src\\Illuminate\\Database\\Query\\Builder.php(3763): Illuminate\\Database\\Query\\Builder->Illuminate\\Database\\Query\\{closure}()
#5 C:\\Users\\rraul\\Desktop\\Probando\\laravel-mid-level-project-task-api-raulquispe\\vendor\\laravel\\framework\\src\\Illuminate\\Database\\Query\\Builder.php(3172): Illuminate\\Database\\Query\\Builder->onceWithColumns()
#6 C:\\Users\\rraul\\Desktop\\Probando\\laravel-mid-level-project-task-api-raulquispe\\vendor\\laravel\\framework\\src\\Illuminate\\Database\\Query\\Builder.php(3687): Illuminate\\Database\\Query\\Builder->get()
#7 C:\\Users\\rraul\\Desktop\\Probando\\laravel-mid-level-project-task-api-raulquispe\\vendor\\laravel\\framework\\src\\Illuminate\\Database\\Query\\Builder.php(3615): Illuminate\\Database\\Query\\Builder->aggregate()
#8 C:\\Users\\rraul\\Desktop\\Probando\\laravel-mid-level-project-task-api-raulquispe\\vendor\\laravel\\telescope\\src\\Storage\\DatabaseEntriesRepository.php(123): Illuminate\\Database\\Query\\Builder->count()
#9 C:\\Users\\rraul\\Desktop\\Probando\\laravel-mid-level-project-task-api-raulquispe\\vendor\\laravel\\telescope\\src\\Storage\\DatabaseEntriesRepository.php(165): Laravel\\Telescope\\Storage\\DatabaseEntriesRepository->countExceptionOccurences()
#10 [internal function]: Laravel\\Telescope\\Storage\\DatabaseEntriesRepository->Laravel\\Telescope\\Storage\\{closure}()
#11 C:\\Users\\rraul\\Desktop\\Probando\\laravel-mid-level-project-task-api-raulquispe\\vendor\\laravel\\framework\\src\\Illuminate\\Collections\\Arr.php(786): array_map()
#12 C:\\Users\\rraul\\Desktop\\Probando\\laravel-mid-level-project-task-api-raulquispe\\vendor\\laravel\\framework\\src\\Illuminate\\Collections\\Collection.php(807): Illuminate\\Support\\Arr::map()
#13 C:\\Users\\rraul\\Desktop\\Probando\\laravel-mid-level-project-task-api-raulquispe\\vendor\\laravel\\telescope\\src\\Storage\\DatabaseEntriesRepository.php(164): Illuminate\\Support\\Collection->map()
#14 C:\\Users\\rraul\\Desktop\\Probando\\laravel-mid-level-project-task-api-raulquispe\\vendor\\laravel\\framework\\src\\Illuminate\\Collections\\Traits\\EnumeratesValues.php(271): Laravel\\Telescope\\Storage\\DatabaseEntriesRepository->Laravel\\Telescope\\Storage\\{closure}()
#15 C:\\Users\\rraul\\Desktop\\Probando\\laravel-mid-level-project-task-api-raulquispe\\vendor\\laravel\\telescope\\src\\Storage\\DatabaseEntriesRepository.php(163): Illuminate\\Support\\Collection->each()
#16 C:\\Users\\rraul\\Desktop\\Probando\\laravel-mid-level-project-task-api-raulquispe\\vendor\\laravel\\telescope\\src\\Storage\\DatabaseEntriesRepository.php(140): Laravel\\Telescope\\Storage\\DatabaseEntriesRepository->storeExceptions()
#17 C:\\Users\\rraul\\Desktop\\Probando\\laravel-mid-level-project-task-api-raulquispe\\vendor\\laravel\\telescope\\src\\Telescope.php(664): Laravel\\Telescope\\Storage\\DatabaseEntriesRepository->store()
#18 [internal function]: Laravel\\Telescope\\Telescope::Laravel\\Telescope\\{closure}()
#19 C:\\Users\\rraul\\Desktop\\Probando\\laravel-mid-level-project-task-api-raulquispe\\vendor\\laravel\\telescope\\src\\Telescope.php(289): call_user_func()
#20 C:\\Users\\rraul\\Desktop\\Probando\\laravel-mid-level-project-task-api-raulquispe\\vendor\\laravel\\telescope\\src\\Telescope.php(656): Laravel\\Telescope\\Telescope::withoutRecording()
#21 C:\\Users\\rraul\\Desktop\\Probando\\laravel-mid-level-project-task-api-raulquispe\\vendor\\laravel\\telescope\\src\\ListensForStorageOpportunities.php(65): Laravel\\Telescope\\Telescope::store()
#22 C:\\Users\\rraul\\Desktop\\Probando\\laravel-mid-level-project-task-api-raulquispe\\vendor\\laravel\\framework\\src\\Illuminate\\Container\\BoundMethod.php(36): Laravel\\Telescope\\Telescope::Laravel\\Telescope\\{closure}()
#23 C:\\Users\\rraul\\Desktop\\Probando\\laravel-mid-level-project-task-api-raulquispe\\vendor\\laravel\\framework\\src\\Illuminate\\Container\\Util.php(43): Illuminate\\Container\\BoundMethod::Illuminate\\Container\\{closure}()
#24 C:\\Users\\rraul\\Desktop\\Probando\\laravel-mid-level-project-task-api-raulquispe\\vendor\\laravel\\framework\\src\\Illuminate\\Container\\BoundMethod.php(84): Illuminate\\Container\\Util::unwrapIfClosure()
#25 C:\\Users\\rraul\\Desktop\\Probando\\laravel-mid-level-project-task-api-raulquispe\\vendor\\laravel\\framework\\src\\Illuminate\\Container\\BoundMethod.php(35): Illuminate\\Container\\BoundMethod::callBoundMethod()
#26 C:\\Users\\rraul\\Desktop\\Probando\\laravel-mid-level-project-task-api-raulquispe\\vendor\\laravel\\framework\\src\\Illuminate\\Container\\Container.php(812): Illuminate\\Container\\BoundMethod::call()
#27 C:\\Users\\rraul\\Desktop\\Probando\\laravel-mid-level-project-task-api-raulquispe\\vendor\\laravel\\framework\\src\\Illuminate\\Foundation\\Application.php(1451): Illuminate\\Container\\Container->call()
#28 C:\\Users\\rraul\\Desktop\\Probando\\laravel-mid-level-project-task-api-raulquispe\\vendor\\laravel\\framework\\src\\Illuminate\\Foundation\\Console\\Kernel.php(218): Illuminate\\Foundation\\Application->terminate()
#29 C:\\Users\\rraul\\Desktop\\Probando\\laravel-mid-level-project-task-api-raulquispe\\vendor\\laravel\\framework\\src\\Illuminate\\Foundation\\Application.php(1239): Illuminate\\Foundation\\Console\\Kernel->terminate()
#30 C:\\Users\\rraul\\Desktop\\Probando\\laravel-mid-level-project-task-api-raulquispe\\artisan(16): Illuminate\\Foundation\\Application->handleCommand()
#31 {main}

[previous exception] [object] (PDOException(code: 42S02): SQLSTATE[42S02]: Base table or view not found: 1146 Table 'laravel.telescope_entries' doesn't exist at C:\\Users\\rraul\\Desktop\\Probando\\laravel-mid-level-project-task-api-raulquispe\\vendor\\laravel\\framework\\src\\Illuminate\\Database\\Connection.php:406)
[stacktrace]
#0 C:\\Users\\rraul\\Desktop\\Probando\\laravel-mid-level-project-task-api-raulquispe\\vendor\\laravel\\framework\\src\\Illuminate\\Database\\Connection.php(406): PDO->prepare()
#1 C:\\Users\\rraul\\Desktop\\Probando\\laravel-mid-level-project-task-api-raulquispe\\vendor\\laravel\\framework\\src\\Illuminate\\Database\\Connection.php(811): Illuminate\\Database\\Connection->Illuminate\\Database\\{closure}()
#2 C:\\Users\\rraul\\Desktop\\Probando\\laravel-mid-level-project-task-api-raulquispe\\vendor\\laravel\\framework\\src\\Illuminate\\Database\\Connection.php(778): Illuminate\\Database\\Connection->runQueryCallback()
#3 C:\\Users\\rraul\\Desktop\\Probando\\laravel-mid-level-project-task-api-raulquispe\\vendor\\laravel\\framework\\src\\Illuminate\\Database\\Connection.php(397): Illuminate\\Database\\Connection->run()
#4 C:\\Users\\rraul\\Desktop\\Probando\\laravel-mid-level-project-task-api-raulquispe\\vendor\\laravel\\framework\\src\\Illuminate\\Database\\Query\\Builder.php(3188): Illuminate\\Database\\Connection->select()
#5 C:\\Users\\rraul\\Desktop\\Probando\\laravel-mid-level-project-task-api-raulquispe\\vendor\\laravel\\framework\\src\\Illuminate\\Database\\Query\\Builder.php(3173): Illuminate\\Database\\Query\\Builder->runSelect()
#6 C:\\Users\\rraul\\Desktop\\Probando\\laravel-mid-level-project-task-api-raulquispe\\vendor\\laravel\\framework\\src\\Illuminate\\Database\\Query\\Builder.php(3763): Illuminate\\Database\\Query\\Builder->Illuminate\\Database\\Query\\{closure}()
#7 C:\\Users\\rraul\\Desktop\\Probando\\laravel-mid-level-project-task-api-raulquispe\\vendor\\laravel\\framework\\src\\Illuminate\\Database\\Query\\Builder.php(3172): Illuminate\\Database\\Query\\Builder->onceWithColumns()
#8 C:\\Users\\rraul\\Desktop\\Probando\\laravel-mid-level-project-task-api-raulquispe\\vendor\\laravel\\framework\\src\\Illuminate\\Database\\Query\\Builder.php(3687): Illuminate\\Database\\Query\\Builder->get()
#9 C:\\Users\\rraul\\Desktop\\Probando\\laravel-mid-level-project-task-api-raulquispe\\vendor\\laravel\\framework\\src\\Illuminate\\Database\\Query\\Builder.php(3615): Illuminate\\Database\\Query\\Builder->aggregate()
#10 C:\\Users\\rraul\\Desktop\\Probando\\laravel-mid-level-project-task-api-raulquispe\\vendor\\laravel\\telescope\\src\\Storage\\DatabaseEntriesRepository.php(123): Illuminate\\Database\\Query\\Builder->count()
#11 C:\\Users\\rraul\\Desktop\\Probando\\laravel-mid-level-project-task-api-raulquispe\\vendor\\laravel\\telescope\\src\\Storage\\DatabaseEntriesRepository.php(165): Laravel\\Telescope\\Storage\\DatabaseEntriesRepository->countExceptionOccurences()
#12 [internal function]: Laravel\\Telescope\\Storage\\DatabaseEntriesRepository->Laravel\\Telescope\\Storage\\{closure}()
#13 C:\\Users\\rraul\\Desktop\\Probando\\laravel-mid-level-project-task-api-raulquispe\\vendor\\laravel\\framework\\src\\Illuminate\\Collections\\Arr.php(786): array_map()
#14 C:\\Users\\rraul\\Desktop\\Probando\\laravel-mid-level-project-task-api-raulquispe\\vendor\\laravel\\framework\\src\\Illuminate\\Collections\\Collection.php(807): Illuminate\\Support\\Arr::map()
#15 C:\\Users\\rraul\\Desktop\\Probando\\laravel-mid-level-project-task-api-raulquispe\\vendor\\laravel\\telescope\\src\\Storage\\DatabaseEntriesRepository.php(164): Illuminate\\Support\\Collection->map()
#16 C:\\Users\\rraul\\Desktop\\Probando\\laravel-mid-level-project-task-api-raulquispe\\vendor\\laravel\\framework\\src\\Illuminate\\Collections\\Traits\\EnumeratesValues.php(271): Laravel\\Telescope\\Storage\\DatabaseEntriesRepository->Laravel\\Telescope\\Storage\\{closure}()
#17 C:\\Users\\rraul\\Desktop\\Probando\\laravel-mid-level-project-task-api-raulquispe\\vendor\\laravel\\telescope\\src\\Storage\\DatabaseEntriesRepository.php(163): Illuminate\\Support\\Collection->each()
#18 C:\\Users\\rraul\\Desktop\\Probando\\laravel-mid-level-project-task-api-raulquispe\\vendor\\laravel\\telescope\\src\\Storage\\DatabaseEntriesRepository.php(140): Laravel\\Telescope\\Storage\\DatabaseEntriesRepository->storeExceptions()
#19 C:\\Users\\rraul\\Desktop\\Probando\\laravel-mid-level-project-task-api-raulquispe\\vendor\\laravel\\telescope\\src\\Telescope.php(664): Laravel\\Telescope\\Storage\\DatabaseEntriesRepository->store()
#20 [internal function]: Laravel\\Telescope\\Telescope::Laravel\\Telescope\\{closure}()
#21 C:\\Users\\rraul\\Desktop\\Probando\\laravel-mid-level-project-task-api-raulquispe\\vendor\\laravel\\telescope\\src\\Telescope.php(289): call_user_func()
#22 C:\\Users\\rraul\\Desktop\\Probando\\laravel-mid-level-project-task-api-raulquispe\\vendor\\laravel\\telescope\\src\\Telescope.php(656): Laravel\\Telescope\\Telescope::withoutRecording()
#23 C:\\Users\\rraul\\Desktop\\Probando\\laravel-mid-level-project-task-api-raulquispe\\vendor\\laravel\\telescope\\src\\ListensForStorageOpportunities.php(65): Laravel\\Telescope\\Telescope::store()
#24 C:\\Users\\rraul\\Desktop\\Probando\\laravel-mid-level-project-task-api-raulquispe\\vendor\\laravel\\framework\\src\\Illuminate\\Container\\BoundMethod.php(36): Laravel\\Telescope\\Telescope::Laravel\\Telescope\\{closure}()
#25 C:\\Users\\rraul\\Desktop\\Probando\\laravel-mid-level-project-task-api-raulquispe\\vendor\\laravel\\framework\\src\\Illuminate\\Container\\Util.php(43): Illuminate\\Container\\BoundMethod::Illuminate\\Container\\{closure}()
#26 C:\\Users\\rraul\\Desktop\\Probando\\laravel-mid-level-project-task-api-raulquispe\\vendor\\laravel\\framework\\src\\Illuminate\\Container\\BoundMethod.php(84): Illuminate\\Container\\Util::unwrapIfClosure()
#27 C:\\Users\\rraul\\Desktop\\Probando\\laravel-mid-level-project-task-api-raulquispe\\vendor\\laravel\\framework\\src\\Illuminate\\Container\\BoundMethod.php(35): Illuminate\\Container\\BoundMethod::callBoundMethod()
#28 C:\\Users\\rraul\\Desktop\\Probando\\laravel-mid-level-project-task-api-raulquispe\\vendor\\laravel\\framework\\src\\Illuminate\\Container\\Container.php(812): Illuminate\\Container\\BoundMethod::call()
#29 C:\\Users\\rraul\\Desktop\\Probando\\laravel-mid-level-project-task-api-raulquispe\\vendor\\laravel\\framework\\src\\Illuminate\\Foundation\\Application.php(1451): Illuminate\\Container\\Container->call()
#30 C:\\Users\\rraul\\Desktop\\Probando\\laravel-mid-level-project-task-api-raulquispe\\vendor\\laravel\\framework\\src\\Illuminate\\Foundation\\Console\\Kernel.php(218): Illuminate\\Foundation\\Application->terminate()
#31 C:\\Users\\rraul\\Desktop\\Probando\\laravel-mid-level-project-task-api-raulquispe\\vendor\\laravel\\framework\\src\\Illuminate\\Foundation\\Application.php(1239): Illuminate\\Foundation\\Console\\Kernel->terminate()
#32 C:\\Users\\rraul\\Desktop\\Probando\\laravel-mid-level-project-task-api-raulquispe\\artisan(16): Illuminate\\Foundation\\Application->handleCommand()
#33 {main}
"} 
[2025-08-12 21:25:12] local.ERROR: SQLSTATE[42S02]: Base table or view not found: 1146 Table 'laravel.telescope_entries' doesn't exist (Connection: mysql, SQL: insert into `telescope_entries` (`batch_id`, `content`, `created_at`, `family_hash`, `type`, `uuid`) values (9f9e914b-2251-4f71-8f6a-7f557ba2a7d9, {"command":"vendor:publish","exit_code":0,"arguments":{"command":"vendor:publish"},"options":{"existing":false,"force":false,"all":false,"provider":"OwenIt\\AuditingServiceProvider","tag":[],"help":false,"silent":false,"quiet":false,"verbose":false,"version":false,"ansi":null,"no-interaction":false,"env":null},"hostname":"Jherson"}, 2025-08-12 21:25:12, ?, command, 9f9e914b-1755-4bec-bdbc-79f1d97a16a2)) {"exception":"[object] (Illuminate\\Database\\QueryException(code: 42S02): SQLSTATE[42S02]: Base table or view not found: 1146 Table 'laravel.telescope_entries' doesn't exist (Connection: mysql, SQL: insert into `telescope_entries` (`batch_id`, `content`, `created_at`, `family_hash`, `type`, `uuid`) values (9f9e914b-2251-4f71-8f6a-7f557ba2a7d9, {\"command\":\"vendor:publish\",\"exit_code\":0,\"arguments\":{\"command\":\"vendor:publish\"},\"options\":{\"existing\":false,\"force\":false,\"all\":false,\"provider\":\"OwenIt\\\\AuditingServiceProvider\",\"tag\":[],\"help\":false,\"silent\":false,\"quiet\":false,\"verbose\":false,\"version\":false,\"ansi\":null,\"no-interaction\":false,\"env\":null},\"hostname\":\"Jherson\"}, 2025-08-12 21:25:12, ?, command, 9f9e914b-1755-4bec-bdbc-79f1d97a16a2)) at C:\\Users\\rraul\\Desktop\\Probando\\laravel-mid-level-project-task-api-raulquispe\\vendor\\laravel\\framework\\src\\Illuminate\\Database\\Connection.php:824)
[stacktrace]
#0 C:\\Users\\rraul\\Desktop\\Probando\\laravel-mid-level-project-task-api-raulquispe\\vendor\\laravel\\framework\\src\\Illuminate\\Database\\Connection.php(778): Illuminate\\Database\\Connection->runQueryCallback()
#1 C:\\Users\\rraul\\Desktop\\Probando\\laravel-mid-level-project-task-api-raulquispe\\vendor\\laravel\\framework\\src\\Illuminate\\Database\\MySqlConnection.php(42): Illuminate\\Database\\Connection->run()
#2 C:\\Users\\rraul\\Desktop\\Probando\\laravel-mid-level-project-task-api-raulquispe\\vendor\\laravel\\framework\\src\\Illuminate\\Database\\Query\\Builder.php(3804): Illuminate\\Database\\MySqlConnection->insert()
#3 C:\\Users\\rraul\\Desktop\\Probando\\laravel-mid-level-project-task-api-raulquispe\\vendor\\laravel\\telescope\\src\\Storage\\DatabaseEntriesRepository.php(145): Illuminate\\Database\\Query\\Builder->insert()
#4 C:\\Users\\rraul\\Desktop\\Probando\\laravel-mid-level-project-task-api-raulquispe\\vendor\\laravel\\framework\\src\\Illuminate\\Collections\\Traits\\EnumeratesValues.php(271): Laravel\\Telescope\\Storage\\DatabaseEntriesRepository->Laravel\\Telescope\\Storage\\{closure}()
#5 C:\\Users\\rraul\\Desktop\\Probando\\laravel-mid-level-project-task-api-raulquispe\\vendor\\laravel\\telescope\\src\\Storage\\DatabaseEntriesRepository.php(144): Illuminate\\Support\\Collection->each()
#6 C:\\Users\\rraul\\Desktop\\Probando\\laravel-mid-level-project-task-api-raulquispe\\vendor\\laravel\\telescope\\src\\Telescope.php(664): Laravel\\Telescope\\Storage\\DatabaseEntriesRepository->store()
#7 [internal function]: Laravel\\Telescope\\Telescope::Laravel\\Telescope\\{closure}()
#8 C:\\Users\\rraul\\Desktop\\Probando\\laravel-mid-level-project-task-api-raulquispe\\vendor\\laravel\\telescope\\src\\Telescope.php(289): call_user_func()
#9 C:\\Users\\rraul\\Desktop\\Probando\\laravel-mid-level-project-task-api-raulquispe\\vendor\\laravel\\telescope\\src\\Telescope.php(656): Laravel\\Telescope\\Telescope::withoutRecording()
#10 C:\\Users\\rraul\\Desktop\\Probando\\laravel-mid-level-project-task-api-raulquispe\\vendor\\laravel\\telescope\\src\\ListensForStorageOpportunities.php(65): Laravel\\Telescope\\Telescope::store()
#11 C:\\Users\\rraul\\Desktop\\Probando\\laravel-mid-level-project-task-api-raulquispe\\vendor\\laravel\\framework\\src\\Illuminate\\Container\\BoundMethod.php(36): Laravel\\Telescope\\Telescope::Laravel\\Telescope\\{closure}()
#12 C:\\Users\\rraul\\Desktop\\Probando\\laravel-mid-level-project-task-api-raulquispe\\vendor\\laravel\\framework\\src\\Illuminate\\Container\\Util.php(43): Illuminate\\Container\\BoundMethod::Illuminate\\Container\\{closure}()
#13 C:\\Users\\rraul\\Desktop\\Probando\\laravel-mid-level-project-task-api-raulquispe\\vendor\\laravel\\framework\\src\\Illuminate\\Container\\BoundMethod.php(84): Illuminate\\Container\\Util::unwrapIfClosure()
#14 C:\\Users\\rraul\\Desktop\\Probando\\laravel-mid-level-project-task-api-raulquispe\\vendor\\laravel\\framework\\src\\Illuminate\\Container\\BoundMethod.php(35): Illuminate\\Container\\BoundMethod::callBoundMethod()
#15 C:\\Users\\rraul\\Desktop\\Probando\\laravel-mid-level-project-task-api-raulquispe\\vendor\\laravel\\framework\\src\\Illuminate\\Container\\Container.php(812): Illuminate\\Container\\BoundMethod::call()
#16 C:\\Users\\rraul\\Desktop\\Probando\\laravel-mid-level-project-task-api-raulquispe\\vendor\\laravel\\framework\\src\\Illuminate\\Foundation\\Application.php(1451): Illuminate\\Container\\Container->call()
#17 C:\\Users\\rraul\\Desktop\\Probando\\laravel-mid-level-project-task-api-raulquispe\\vendor\\laravel\\framework\\src\\Illuminate\\Foundation\\Console\\Kernel.php(218): Illuminate\\Foundation\\Application->terminate()
#18 C:\\Users\\rraul\\Desktop\\Probando\\laravel-mid-level-project-task-api-raulquispe\\vendor\\laravel\\framework\\src\\Illuminate\\Foundation\\Application.php(1239): Illuminate\\Foundation\\Console\\Kernel->terminate()
#19 C:\\Users\\rraul\\Desktop\\Probando\\laravel-mid-level-project-task-api-raulquispe\\artisan(16): Illuminate\\Foundation\\Application->handleCommand()
#20 {main}

[previous exception] [object] (PDOException(code: 42S02): SQLSTATE[42S02]: Base table or view not found: 1146 Table 'laravel.telescope_entries' doesn't exist at C:\\Users\\rraul\\Desktop\\Probando\\laravel-mid-level-project-task-api-raulquispe\\vendor\\laravel\\framework\\src\\Illuminate\\Database\\MySqlConnection.php:47)
[stacktrace]
#0 C:\\Users\\rraul\\Desktop\\Probando\\laravel-mid-level-project-task-api-raulquispe\\vendor\\laravel\\framework\\src\\Illuminate\\Database\\MySqlConnection.php(47): PDO->prepare()
#1 C:\\Users\\rraul\\Desktop\\Probando\\laravel-mid-level-project-task-api-raulquispe\\vendor\\laravel\\framework\\src\\Illuminate\\Database\\Connection.php(811): Illuminate\\Database\\MySqlConnection->Illuminate\\Database\\{closure}()
#2 C:\\Users\\rraul\\Desktop\\Probando\\laravel-mid-level-project-task-api-raulquispe\\vendor\\laravel\\framework\\src\\Illuminate\\Database\\Connection.php(778): Illuminate\\Database\\Connection->runQueryCallback()
#3 C:\\Users\\rraul\\Desktop\\Probando\\laravel-mid-level-project-task-api-raulquispe\\vendor\\laravel\\framework\\src\\Illuminate\\Database\\MySqlConnection.php(42): Illuminate\\Database\\Connection->run()
#4 C:\\Users\\rraul\\Desktop\\Probando\\laravel-mid-level-project-task-api-raulquispe\\vendor\\laravel\\framework\\src\\Illuminate\\Database\\Query\\Builder.php(3804): Illuminate\\Database\\MySqlConnection->insert()
#5 C:\\Users\\rraul\\Desktop\\Probando\\laravel-mid-level-project-task-api-raulquispe\\vendor\\laravel\\telescope\\src\\Storage\\DatabaseEntriesRepository.php(145): Illuminate\\Database\\Query\\Builder->insert()
#6 C:\\Users\\rraul\\Desktop\\Probando\\laravel-mid-level-project-task-api-raulquispe\\vendor\\laravel\\framework\\src\\Illuminate\\Collections\\Traits\\EnumeratesValues.php(271): Laravel\\Telescope\\Storage\\DatabaseEntriesRepository->Laravel\\Telescope\\Storage\\{closure}()
#7 C:\\Users\\rraul\\Desktop\\Probando\\laravel-mid-level-project-task-api-raulquispe\\vendor\\laravel\\telescope\\src\\Storage\\DatabaseEntriesRepository.php(144): Illuminate\\Support\\Collection->each()
#8 C:\\Users\\rraul\\Desktop\\Probando\\laravel-mid-level-project-task-api-raulquispe\\vendor\\laravel\\telescope\\src\\Telescope.php(664): Laravel\\Telescope\\Storage\\DatabaseEntriesRepository->store()
#9 [internal function]: Laravel\\Telescope\\Telescope::Laravel\\Telescope\\{closure}()
#10 C:\\Users\\rraul\\Desktop\\Probando\\laravel-mid-level-project-task-api-raulquispe\\vendor\\laravel\\telescope\\src\\Telescope.php(289): call_user_func()
#11 C:\\Users\\rraul\\Desktop\\Probando\\laravel-mid-level-project-task-api-raulquispe\\vendor\\laravel\\telescope\\src\\Telescope.php(656): Laravel\\Telescope\\Telescope::withoutRecording()
#12 C:\\Users\\rraul\\Desktop\\Probando\\laravel-mid-level-project-task-api-raulquispe\\vendor\\laravel\\telescope\\src\\ListensForStorageOpportunities.php(65): Laravel\\Telescope\\Telescope::store()
#13 C:\\Users\\rraul\\Desktop\\Probando\\laravel-mid-level-project-task-api-raulquispe\\vendor\\laravel\\framework\\src\\Illuminate\\Container\\BoundMethod.php(36): Laravel\\Telescope\\Telescope::Laravel\\Telescope\\{closure}()
#14 C:\\Users\\rraul\\Desktop\\Probando\\laravel-mid-level-project-task-api-raulquispe\\vendor\\laravel\\framework\\src\\Illuminate\\Container\\Util.php(43): Illuminate\\Container\\BoundMethod::Illuminate\\Container\\{closure}()
#15 C:\\Users\\rraul\\Desktop\\Probando\\laravel-mid-level-project-task-api-raulquispe\\vendor\\laravel\\framework\\src\\Illuminate\\Container\\BoundMethod.php(84): Illuminate\\Container\\Util::unwrapIfClosure()
#16 C:\\Users\\rraul\\Desktop\\Probando\\laravel-mid-level-project-task-api-raulquispe\\vendor\\laravel\\framework\\src\\Illuminate\\Container\\BoundMethod.php(35): Illuminate\\Container\\BoundMethod::callBoundMethod()
#17 C:\\Users\\rraul\\Desktop\\Probando\\laravel-mid-level-project-task-api-raulquispe\\vendor\\laravel\\framework\\src\\Illuminate\\Container\\Container.php(812): Illuminate\\Container\\BoundMethod::call()
#18 C:\\Users\\rraul\\Desktop\\Probando\\laravel-mid-level-project-task-api-raulquispe\\vendor\\laravel\\framework\\src\\Illuminate\\Foundation\\Application.php(1451): Illuminate\\Container\\Container->call()
#19 C:\\Users\\rraul\\Desktop\\Probando\\laravel-mid-level-project-task-api-raulquispe\\vendor\\laravel\\framework\\src\\Illuminate\\Foundation\\Console\\Kernel.php(218): Illuminate\\Foundation\\Application->terminate()
#20 C:\\Users\\rraul\\Desktop\\Probando\\laravel-mid-level-project-task-api-raulquispe\\vendor\\laravel\\framework\\src\\Illuminate\\Foundation\\Application.php(1239): Illuminate\\Foundation\\Console\\Kernel->terminate()
#21 C:\\Users\\rraul\\Desktop\\Probando\\laravel-mid-level-project-task-api-raulquispe\\artisan(16): Illuminate\\Foundation\\Application->handleCommand()
#22 {main}
"} 
[2025-08-12 21:25:27] local.ERROR: SQLSTATE[42S02]: Base table or view not found: 1146 Table 'laravel.telescope_entries' doesn't exist (Connection: mysql, SQL: insert into `telescope_entries` (`batch_id`, `content`, `created_at`, `family_hash`, `type`, `uuid`) values (9f9e9161-da9e-49f6-857a-180ad770af5f, {"command":"vendor:publish","exit_code":0,"arguments":{"command":"vendor:publish"},"options":{"existing":false,"force":false,"all":false,"provider":"OwenIt\\AuditingServiceProvider","tag":[],"help":false,"silent":false,"quiet":false,"verbose":false,"version":false,"ansi":null,"no-interaction":false,"env":null},"hostname":"Jherson"}, 2025-08-12 21:25:27, ?, command, 9f9e9161-d052-441c-bcf5-a38790ba8beb)) {"exception":"[object] (Illuminate\\Database\\QueryException(code: 42S02): SQLSTATE[42S02]: Base table or view not found: 1146 Table 'laravel.telescope_entries' doesn't exist (Connection: mysql, SQL: insert into `telescope_entries` (`batch_id`, `content`, `created_at`, `family_hash`, `type`, `uuid`) values (9f9e9161-da9e-49f6-857a-180ad770af5f, {\"command\":\"vendor:publish\",\"exit_code\":0,\"arguments\":{\"command\":\"vendor:publish\"},\"options\":{\"existing\":false,\"force\":false,\"all\":false,\"provider\":\"OwenIt\\\\AuditingServiceProvider\",\"tag\":[],\"help\":false,\"silent\":false,\"quiet\":false,\"verbose\":false,\"version\":false,\"ansi\":null,\"no-interaction\":false,\"env\":null},\"hostname\":\"Jherson\"}, 2025-08-12 21:25:27, ?, command, 9f9e9161-d052-441c-bcf5-a38790ba8beb)) at C:\\Users\\rraul\\Desktop\\Probando\\laravel-mid-level-project-task-api-raulquispe\\vendor\\laravel\\framework\\src\\Illuminate\\Database\\Connection.php:824)
[stacktrace]
#0 C:\\Users\\rraul\\Desktop\\Probando\\laravel-mid-level-project-task-api-raulquispe\\vendor\\laravel\\framework\\src\\Illuminate\\Database\\Connection.php(778): Illuminate\\Database\\Connection->runQueryCallback()
#1 C:\\Users\\rraul\\Desktop\\Probando\\laravel-mid-level-project-task-api-raulquispe\\vendor\\laravel\\framework\\src\\Illuminate\\Database\\MySqlConnection.php(42): Illuminate\\Database\\Connection->run()
#2 C:\\Users\\rraul\\Desktop\\Probando\\laravel-mid-level-project-task-api-raulquispe\\vendor\\laravel\\framework\\src\\Illuminate\\Database\\Query\\Builder.php(3804): Illuminate\\Database\\MySqlConnection->insert()
#3 C:\\Users\\rraul\\Desktop\\Probando\\laravel-mid-level-project-task-api-raulquispe\\vendor\\laravel\\telescope\\src\\Storage\\DatabaseEntriesRepository.php(145): Illuminate\\Database\\Query\\Builder->insert()
#4 C:\\Users\\rraul\\Desktop\\Probando\\laravel-mid-level-project-task-api-raulquispe\\vendor\\laravel\\framework\\src\\Illuminate\\Collections\\Traits\\EnumeratesValues.php(271): Laravel\\Telescope\\Storage\\DatabaseEntriesRepository->Laravel\\Telescope\\Storage\\{closure}()
#5 C:\\Users\\rraul\\Desktop\\Probando\\laravel-mid-level-project-task-api-raulquispe\\vendor\\laravel\\telescope\\src\\Storage\\DatabaseEntriesRepository.php(144): Illuminate\\Support\\Collection->each()
#6 C:\\Users\\rraul\\Desktop\\Probando\\laravel-mid-level-project-task-api-raulquispe\\vendor\\laravel\\telescope\\src\\Telescope.php(664): Laravel\\Telescope\\Storage\\DatabaseEntriesRepository->store()
#7 [internal function]: Laravel\\Telescope\\Telescope::Laravel\\Telescope\\{closure}()
#8 C:\\Users\\rraul\\Desktop\\Probando\\laravel-mid-level-project-task-api-raulquispe\\vendor\\laravel\\telescope\\src\\Telescope.php(289): call_user_func()
#9 C:\\Users\\rraul\\Desktop\\Probando\\laravel-mid-level-project-task-api-raulquispe\\vendor\\laravel\\telescope\\src\\Telescope.php(656): Laravel\\Telescope\\Telescope::withoutRecording()
#10 C:\\Users\\rraul\\Desktop\\Probando\\laravel-mid-level-project-task-api-raulquispe\\vendor\\laravel\\telescope\\src\\ListensForStorageOpportunities.php(65): Laravel\\Telescope\\Telescope::store()
#11 C:\\Users\\rraul\\Desktop\\Probando\\laravel-mid-level-project-task-api-raulquispe\\vendor\\laravel\\framework\\src\\Illuminate\\Container\\BoundMethod.php(36): Laravel\\Telescope\\Telescope::Laravel\\Telescope\\{closure}()
#12 C:\\Users\\rraul\\Desktop\\Probando\\laravel-mid-level-project-task-api-raulquispe\\vendor\\laravel\\framework\\src\\Illuminate\\Container\\Util.php(43): Illuminate\\Container\\BoundMethod::Illuminate\\Container\\{closure}()
#13 C:\\Users\\rraul\\Desktop\\Probando\\laravel-mid-level-project-task-api-raulquispe\\vendor\\laravel\\framework\\src\\Illuminate\\Container\\BoundMethod.php(84): Illuminate\\Container\\Util::unwrapIfClosure()
#14 C:\\Users\\rraul\\Desktop\\Probando\\laravel-mid-level-project-task-api-raulquispe\\vendor\\laravel\\framework\\src\\Illuminate\\Container\\BoundMethod.php(35): Illuminate\\Container\\BoundMethod::callBoundMethod()
#15 C:\\Users\\rraul\\Desktop\\Probando\\laravel-mid-level-project-task-api-raulquispe\\vendor\\laravel\\framework\\src\\Illuminate\\Container\\Container.php(812): Illuminate\\Container\\BoundMethod::call()
#16 C:\\Users\\rraul\\Desktop\\Probando\\laravel-mid-level-project-task-api-raulquispe\\vendor\\laravel\\framework\\src\\Illuminate\\Foundation\\Application.php(1451): Illuminate\\Container\\Container->call()
#17 C:\\Users\\rraul\\Desktop\\Probando\\laravel-mid-level-project-task-api-raulquispe\\vendor\\laravel\\framework\\src\\Illuminate\\Foundation\\Console\\Kernel.php(218): Illuminate\\Foundation\\Application->terminate()
#18 C:\\Users\\rraul\\Desktop\\Probando\\laravel-mid-level-project-task-api-raulquispe\\vendor\\laravel\\framework\\src\\Illuminate\\Foundation\\Application.php(1239): Illuminate\\Foundation\\Console\\Kernel->terminate()
#19 C:\\Users\\rraul\\Desktop\\Probando\\laravel-mid-level-project-task-api-raulquispe\\artisan(16): Illuminate\\Foundation\\Application->handleCommand()
#20 {main}

[previous exception] [object] (PDOException(code: 42S02): SQLSTATE[42S02]: Base table or view not found: 1146 Table 'laravel.telescope_entries' doesn't exist at C:\\Users\\rraul\\Desktop\\Probando\\laravel-mid-level-project-task-api-raulquispe\\vendor\\laravel\\framework\\src\\Illuminate\\Database\\MySqlConnection.php:47)
[stacktrace]
#0 C:\\Users\\rraul\\Desktop\\Probando\\laravel-mid-level-project-task-api-raulquispe\\vendor\\laravel\\framework\\src\\Illuminate\\Database\\MySqlConnection.php(47): PDO->prepare()
#1 C:\\Users\\rraul\\Desktop\\Probando\\laravel-mid-level-project-task-api-raulquispe\\vendor\\laravel\\framework\\src\\Illuminate\\Database\\Connection.php(811): Illuminate\\Database\\MySqlConnection->Illuminate\\Database\\{closure}()
#2 C:\\Users\\rraul\\Desktop\\Probando\\laravel-mid-level-project-task-api-raulquispe\\vendor\\laravel\\framework\\src\\Illuminate\\Database\\Connection.php(778): Illuminate\\Database\\Connection->runQueryCallback()
#3 C:\\Users\\rraul\\Desktop\\Probando\\laravel-mid-level-project-task-api-raulquispe\\vendor\\laravel\\framework\\src\\Illuminate\\Database\\MySqlConnection.php(42): Illuminate\\Database\\Connection->run()
#4 C:\\Users\\rraul\\Desktop\\Probando\\laravel-mid-level-project-task-api-raulquispe\\vendor\\laravel\\framework\\src\\Illuminate\\Database\\Query\\Builder.php(3804): Illuminate\\Database\\MySqlConnection->insert()
#5 C:\\Users\\rraul\\Desktop\\Probando\\laravel-mid-level-project-task-api-raulquispe\\vendor\\laravel\\telescope\\src\\Storage\\DatabaseEntriesRepository.php(145): Illuminate\\Database\\Query\\Builder->insert()
#6 C:\\Users\\rraul\\Desktop\\Probando\\laravel-mid-level-project-task-api-raulquispe\\vendor\\laravel\\framework\\src\\Illuminate\\Collections\\Traits\\EnumeratesValues.php(271): Laravel\\Telescope\\Storage\\DatabaseEntriesRepository->Laravel\\Telescope\\Storage\\{closure}()
#7 C:\\Users\\rraul\\Desktop\\Probando\\laravel-mid-level-project-task-api-raulquispe\\vendor\\laravel\\telescope\\src\\Storage\\DatabaseEntriesRepository.php(144): Illuminate\\Support\\Collection->each()
#8 C:\\Users\\rraul\\Desktop\\Probando\\laravel-mid-level-project-task-api-raulquispe\\vendor\\laravel\\telescope\\src\\Telescope.php(664): Laravel\\Telescope\\Storage\\DatabaseEntriesRepository->store()
#9 [internal function]: Laravel\\Telescope\\Telescope::Laravel\\Telescope\\{closure}()
#10 C:\\Users\\rraul\\Desktop\\Probando\\laravel-mid-level-project-task-api-raulquispe\\vendor\\laravel\\telescope\\src\\Telescope.php(289): call_user_func()
#11 C:\\Users\\rraul\\Desktop\\Probando\\laravel-mid-level-project-task-api-raulquispe\\vendor\\laravel\\telescope\\src\\Telescope.php(656): Laravel\\Telescope\\Telescope::withoutRecording()
#12 C:\\Users\\rraul\\Desktop\\Probando\\laravel-mid-level-project-task-api-raulquispe\\vendor\\laravel\\telescope\\src\\ListensForStorageOpportunities.php(65): Laravel\\Telescope\\Telescope::store()
#13 C:\\Users\\rraul\\Desktop\\Probando\\laravel-mid-level-project-task-api-raulquispe\\vendor\\laravel\\framework\\src\\Illuminate\\Container\\BoundMethod.php(36): Laravel\\Telescope\\Telescope::Laravel\\Telescope\\{closure}()
#14 C:\\Users\\rraul\\Desktop\\Probando\\laravel-mid-level-project-task-api-raulquispe\\vendor\\laravel\\framework\\src\\Illuminate\\Container\\Util.php(43): Illuminate\\Container\\BoundMethod::Illuminate\\Container\\{closure}()
#15 C:\\Users\\rraul\\Desktop\\Probando\\laravel-mid-level-project-task-api-raulquispe\\vendor\\laravel\\framework\\src\\Illuminate\\Container\\BoundMethod.php(84): Illuminate\\Container\\Util::unwrapIfClosure()
#16 C:\\Users\\rraul\\Desktop\\Probando\\laravel-mid-level-project-task-api-raulquispe\\vendor\\laravel\\framework\\src\\Illuminate\\Container\\BoundMethod.php(35): Illuminate\\Container\\BoundMethod::callBoundMethod()
#17 C:\\Users\\rraul\\Desktop\\Probando\\laravel-mid-level-project-task-api-raulquispe\\vendor\\laravel\\framework\\src\\Illuminate\\Container\\Container.php(812): Illuminate\\Container\\BoundMethod::call()
#18 C:\\Users\\rraul\\Desktop\\Probando\\laravel-mid-level-project-task-api-raulquispe\\vendor\\laravel\\framework\\src\\Illuminate\\Foundation\\Application.php(1451): Illuminate\\Container\\Container->call()
#19 C:\\Users\\rraul\\Desktop\\Probando\\laravel-mid-level-project-task-api-raulquispe\\vendor\\laravel\\framework\\src\\Illuminate\\Foundation\\Console\\Kernel.php(218): Illuminate\\Foundation\\Application->terminate()
#20 C:\\Users\\rraul\\Desktop\\Probando\\laravel-mid-level-project-task-api-raulquispe\\vendor\\laravel\\framework\\src\\Illuminate\\Foundation\\Application.php(1239): Illuminate\\Foundation\\Console\\Kernel->terminate()
#21 C:\\Users\\rraul\\Desktop\\Probando\\laravel-mid-level-project-task-api-raulquispe\\artisan(16): Illuminate\\Foundation\\Application->handleCommand()
#22 {main}
"} 
[2025-08-12 21:25:53] local.ERROR: SQLSTATE[42S02]: Base table or view not found: 1146 Table 'laravel.telescope_entries' doesn't exist (Connection: mysql, SQL: insert into `telescope_entries` (`batch_id`, `content`, `created_at`, `family_hash`, `type`, `uuid`) values (9f9e9189-2d72-48ed-81f3-12ccfc21fe72, {"command":"vendor:publish","exit_code":0,"arguments":{"command":"vendor:publish"},"options":{"existing":false,"force":false,"all":false,"provider":"L5Swagger\\L5SwaggerServiceProvider","tag":[],"help":false,"silent":false,"quiet":false,"verbose":false,"version":false,"ansi":null,"no-interaction":false,"env":null},"hostname":"Jherson"}, 2025-08-12 21:25:53, ?, command, 9f9e9189-264e-43f8-9b2c-8395b07647e1)) {"exception":"[object] (Illuminate\\Database\\QueryException(code: 42S02): SQLSTATE[42S02]: Base table or view not found: 1146 Table 'laravel.telescope_entries' doesn't exist (Connection: mysql, SQL: insert into `telescope_entries` (`batch_id`, `content`, `created_at`, `family_hash`, `type`, `uuid`) values (9f9e9189-2d72-48ed-81f3-12ccfc21fe72, {\"command\":\"vendor:publish\",\"exit_code\":0,\"arguments\":{\"command\":\"vendor:publish\"},\"options\":{\"existing\":false,\"force\":false,\"all\":false,\"provider\":\"L5Swagger\\\\L5SwaggerServiceProvider\",\"tag\":[],\"help\":false,\"silent\":false,\"quiet\":false,\"verbose\":false,\"version\":false,\"ansi\":null,\"no-interaction\":false,\"env\":null},\"hostname\":\"Jherson\"}, 2025-08-12 21:25:53, ?, command, 9f9e9189-264e-43f8-9b2c-8395b07647e1)) at C:\\Users\\rraul\\Desktop\\Probando\\laravel-mid-level-project-task-api-raulquispe\\vendor\\laravel\\framework\\src\\Illuminate\\Database\\Connection.php:824)
[stacktrace]
#0 C:\\Users\\rraul\\Desktop\\Probando\\laravel-mid-level-project-task-api-raulquispe\\vendor\\laravel\\framework\\src\\Illuminate\\Database\\Connection.php(778): Illuminate\\Database\\Connection->runQueryCallback()
#1 C:\\Users\\rraul\\Desktop\\Probando\\laravel-mid-level-project-task-api-raulquispe\\vendor\\laravel\\framework\\src\\Illuminate\\Database\\MySqlConnection.php(42): Illuminate\\Database\\Connection->run()
#2 C:\\Users\\rraul\\Desktop\\Probando\\laravel-mid-level-project-task-api-raulquispe\\vendor\\laravel\\framework\\src\\Illuminate\\Database\\Query\\Builder.php(3804): Illuminate\\Database\\MySqlConnection->insert()
#3 C:\\Users\\rraul\\Desktop\\Probando\\laravel-mid-level-project-task-api-raulquispe\\vendor\\laravel\\telescope\\src\\Storage\\DatabaseEntriesRepository.php(145): Illuminate\\Database\\Query\\Builder->insert()
#4 C:\\Users\\rraul\\Desktop\\Probando\\laravel-mid-level-project-task-api-raulquispe\\vendor\\laravel\\framework\\src\\Illuminate\\Collections\\Traits\\EnumeratesValues.php(271): Laravel\\Telescope\\Storage\\DatabaseEntriesRepository->Laravel\\Telescope\\Storage\\{closure}()
#5 C:\\Users\\rraul\\Desktop\\Probando\\laravel-mid-level-project-task-api-raulquispe\\vendor\\laravel\\telescope\\src\\Storage\\DatabaseEntriesRepository.php(144): Illuminate\\Support\\Collection->each()
#6 C:\\Users\\rraul\\Desktop\\Probando\\laravel-mid-level-project-task-api-raulquispe\\vendor\\laravel\\telescope\\src\\Telescope.php(664): Laravel\\Telescope\\Storage\\DatabaseEntriesRepository->store()
#7 [internal function]: Laravel\\Telescope\\Telescope::Laravel\\Telescope\\{closure}()
#8 C:\\Users\\rraul\\Desktop\\Probando\\laravel-mid-level-project-task-api-raulquispe\\vendor\\laravel\\telescope\\src\\Telescope.php(289): call_user_func()
#9 C:\\Users\\rraul\\Desktop\\Probando\\laravel-mid-level-project-task-api-raulquispe\\vendor\\laravel\\telescope\\src\\Telescope.php(656): Laravel\\Telescope\\Telescope::withoutRecording()
#10 C:\\Users\\rraul\\Desktop\\Probando\\laravel-mid-level-project-task-api-raulquispe\\vendor\\laravel\\telescope\\src\\ListensForStorageOpportunities.php(65): Laravel\\Telescope\\Telescope::store()
#11 C:\\Users\\rraul\\Desktop\\Probando\\laravel-mid-level-project-task-api-raulquispe\\vendor\\laravel\\framework\\src\\Illuminate\\Container\\BoundMethod.php(36): Laravel\\Telescope\\Telescope::Laravel\\Telescope\\{closure}()
#12 C:\\Users\\rraul\\Desktop\\Probando\\laravel-mid-level-project-task-api-raulquispe\\vendor\\laravel\\framework\\src\\Illuminate\\Container\\Util.php(43): Illuminate\\Container\\BoundMethod::Illuminate\\Container\\{closure}()
#13 C:\\Users\\rraul\\Desktop\\Probando\\laravel-mid-level-project-task-api-raulquispe\\vendor\\laravel\\framework\\src\\Illuminate\\Container\\BoundMethod.php(84): Illuminate\\Container\\Util::unwrapIfClosure()
#14 C:\\Users\\rraul\\Desktop\\Probando\\laravel-mid-level-project-task-api-raulquispe\\vendor\\laravel\\framework\\src\\Illuminate\\Container\\BoundMethod.php(35): Illuminate\\Container\\BoundMethod::callBoundMethod()
#15 C:\\Users\\rraul\\Desktop\\Probando\\laravel-mid-level-project-task-api-raulquispe\\vendor\\laravel\\framework\\src\\Illuminate\\Container\\Container.php(812): Illuminate\\Container\\BoundMethod::call()
#16 C:\\Users\\rraul\\Desktop\\Probando\\laravel-mid-level-project-task-api-raulquispe\\vendor\\laravel\\framework\\src\\Illuminate\\Foundation\\Application.php(1451): Illuminate\\Container\\Container->call()
#17 C:\\Users\\rraul\\Desktop\\Probando\\laravel-mid-level-project-task-api-raulquispe\\vendor\\laravel\\framework\\src\\Illuminate\\Foundation\\Console\\Kernel.php(218): Illuminate\\Foundation\\Application->terminate()
#18 C:\\Users\\rraul\\Desktop\\Probando\\laravel-mid-level-project-task-api-raulquispe\\vendor\\laravel\\framework\\src\\Illuminate\\Foundation\\Application.php(1239): Illuminate\\Foundation\\Console\\Kernel->terminate()
#19 C:\\Users\\rraul\\Desktop\\Probando\\laravel-mid-level-project-task-api-raulquispe\\artisan(16): Illuminate\\Foundation\\Application->handleCommand()
#20 {main}

[previous exception] [object] (PDOException(code: 42S02): SQLSTATE[42S02]: Base table or view not found: 1146 Table 'laravel.telescope_entries' doesn't exist at C:\\Users\\rraul\\Desktop\\Probando\\laravel-mid-level-project-task-api-raulquispe\\vendor\\laravel\\framework\\src\\Illuminate\\Database\\MySqlConnection.php:47)
[stacktrace]
#0 C:\\Users\\rraul\\Desktop\\Probando\\laravel-mid-level-project-task-api-raulquispe\\vendor\\laravel\\framework\\src\\Illuminate\\Database\\MySqlConnection.php(47): PDO->prepare()
#1 C:\\Users\\rraul\\Desktop\\Probando\\laravel-mid-level-project-task-api-raulquispe\\vendor\\laravel\\framework\\src\\Illuminate\\Database\\Connection.php(811): Illuminate\\Database\\MySqlConnection->Illuminate\\Database\\{closure}()
#2 C:\\Users\\rraul\\Desktop\\Probando\\laravel-mid-level-project-task-api-raulquispe\\vendor\\laravel\\framework\\src\\Illuminate\\Database\\Connection.php(778): Illuminate\\Database\\Connection->runQueryCallback()
#3 C:\\Users\\rraul\\Desktop\\Probando\\laravel-mid-level-project-task-api-raulquispe\\vendor\\laravel\\framework\\src\\Illuminate\\Database\\MySqlConnection.php(42): Illuminate\\Database\\Connection->run()
#4 C:\\Users\\rraul\\Desktop\\Probando\\laravel-mid-level-project-task-api-raulquispe\\vendor\\laravel\\framework\\src\\Illuminate\\Database\\Query\\Builder.php(3804): Illuminate\\Database\\MySqlConnection->insert()
#5 C:\\Users\\rraul\\Desktop\\Probando\\laravel-mid-level-project-task-api-raulquispe\\vendor\\laravel\\telescope\\src\\Storage\\DatabaseEntriesRepository.php(145): Illuminate\\Database\\Query\\Builder->insert()
#6 C:\\Users\\rraul\\Desktop\\Probando\\laravel-mid-level-project-task-api-raulquispe\\vendor\\laravel\\framework\\src\\Illuminate\\Collections\\Traits\\EnumeratesValues.php(271): Laravel\\Telescope\\Storage\\DatabaseEntriesRepository->Laravel\\Telescope\\Storage\\{closure}()
#7 C:\\Users\\rraul\\Desktop\\Probando\\laravel-mid-level-project-task-api-raulquispe\\vendor\\laravel\\telescope\\src\\Storage\\DatabaseEntriesRepository.php(144): Illuminate\\Support\\Collection->each()
#8 C:\\Users\\rraul\\Desktop\\Probando\\laravel-mid-level-project-task-api-raulquispe\\vendor\\laravel\\telescope\\src\\Telescope.php(664): Laravel\\Telescope\\Storage\\DatabaseEntriesRepository->store()
#9 [internal function]: Laravel\\Telescope\\Telescope::Laravel\\Telescope\\{closure}()
#10 C:\\Users\\rraul\\Desktop\\Probando\\laravel-mid-level-project-task-api-raulquispe\\vendor\\laravel\\telescope\\src\\Telescope.php(289): call_user_func()
#11 C:\\Users\\rraul\\Desktop\\Probando\\laravel-mid-level-project-task-api-raulquispe\\vendor\\laravel\\telescope\\src\\Telescope.php(656): Laravel\\Telescope\\Telescope::withoutRecording()
#12 C:\\Users\\rraul\\Desktop\\Probando\\laravel-mid-level-project-task-api-raulquispe\\vendor\\laravel\\telescope\\src\\ListensForStorageOpportunities.php(65): Laravel\\Telescope\\Telescope::store()
#13 C:\\Users\\rraul\\Desktop\\Probando\\laravel-mid-level-project-task-api-raulquispe\\vendor\\laravel\\framework\\src\\Illuminate\\Container\\BoundMethod.php(36): Laravel\\Telescope\\Telescope::Laravel\\Telescope\\{closure}()
#14 C:\\Users\\rraul\\Desktop\\Probando\\laravel-mid-level-project-task-api-raulquispe\\vendor\\laravel\\framework\\src\\Illuminate\\Container\\Util.php(43): Illuminate\\Container\\BoundMethod::Illuminate\\Container\\{closure}()
#15 C:\\Users\\rraul\\Desktop\\Probando\\laravel-mid-level-project-task-api-raulquispe\\vendor\\laravel\\framework\\src\\Illuminate\\Container\\BoundMethod.php(84): Illuminate\\Container\\Util::unwrapIfClosure()
#16 C:\\Users\\rraul\\Desktop\\Probando\\laravel-mid-level-project-task-api-raulquispe\\vendor\\laravel\\framework\\src\\Illuminate\\Container\\BoundMethod.php(35): Illuminate\\Container\\BoundMethod::callBoundMethod()
#17 C:\\Users\\rraul\\Desktop\\Probando\\laravel-mid-level-project-task-api-raulquispe\\vendor\\laravel\\framework\\src\\Illuminate\\Container\\Container.php(812): Illuminate\\Container\\BoundMethod::call()
#18 C:\\Users\\rraul\\Desktop\\Probando\\laravel-mid-level-project-task-api-raulquispe\\vendor\\laravel\\framework\\src\\Illuminate\\Foundation\\Application.php(1451): Illuminate\\Container\\Container->call()
#19 C:\\Users\\rraul\\Desktop\\Probando\\laravel-mid-level-project-task-api-raulquispe\\vendor\\laravel\\framework\\src\\Illuminate\\Foundation\\Console\\Kernel.php(218): Illuminate\\Foundation\\Application->terminate()
#20 C:\\Users\\rraul\\Desktop\\Probando\\laravel-mid-level-project-task-api-raulquispe\\vendor\\laravel\\framework\\src\\Illuminate\\Foundation\\Application.php(1239): Illuminate\\Foundation\\Console\\Kernel->terminate()
#21 C:\\Users\\rraul\\Desktop\\Probando\\laravel-mid-level-project-task-api-raulquispe\\artisan(16): Illuminate\\Foundation\\Application->handleCommand()
#22 {main}
"} 
[2025-08-12 21:26:11] local.ERROR: SQLSTATE[42S02]: Base table or view not found: 1146 Table 'laravel.telescope_entries' doesn't exist (Connection: mysql, SQL: insert into `telescope_entries` (`batch_id`, `content`, `created_at`, `family_hash`, `type`, `uuid`) values (9f9e91a4-9dd8-431c-81bd-160e3b6d9b52, {"command":"telescope:install","exit_code":0,"arguments":{"command":"telescope:install"},"options":{"help":false,"silent":false,"quiet":false,"verbose":false,"version":false,"ansi":null,"no-interaction":false,"env":null},"hostname":"Jherson"}, 2025-08-12 21:26:11, ?, command, 9f9e91a4-95bd-4964-b0b7-d4a2ff414b76)) {"exception":"[object] (Illuminate\\Database\\QueryException(code: 42S02): SQLSTATE[42S02]: Base table or view not found: 1146 Table 'laravel.telescope_entries' doesn't exist (Connection: mysql, SQL: insert into `telescope_entries` (`batch_id`, `content`, `created_at`, `family_hash`, `type`, `uuid`) values (9f9e91a4-9dd8-431c-81bd-160e3b6d9b52, {\"command\":\"telescope:install\",\"exit_code\":0,\"arguments\":{\"command\":\"telescope:install\"},\"options\":{\"help\":false,\"silent\":false,\"quiet\":false,\"verbose\":false,\"version\":false,\"ansi\":null,\"no-interaction\":false,\"env\":null},\"hostname\":\"Jherson\"}, 2025-08-12 21:26:11, ?, command, 9f9e91a4-95bd-4964-b0b7-d4a2ff414b76)) at C:\\Users\\rraul\\Desktop\\Probando\\laravel-mid-level-project-task-api-raulquispe\\vendor\\laravel\\framework\\src\\Illuminate\\Database\\Connection.php:824)
[stacktrace]
#0 C:\\Users\\rraul\\Desktop\\Probando\\laravel-mid-level-project-task-api-raulquispe\\vendor\\laravel\\framework\\src\\Illuminate\\Database\\Connection.php(778): Illuminate\\Database\\Connection->runQueryCallback()
#1 C:\\Users\\rraul\\Desktop\\Probando\\laravel-mid-level-project-task-api-raulquispe\\vendor\\laravel\\framework\\src\\Illuminate\\Database\\MySqlConnection.php(42): Illuminate\\Database\\Connection->run()
#2 C:\\Users\\rraul\\Desktop\\Probando\\laravel-mid-level-project-task-api-raulquispe\\vendor\\laravel\\framework\\src\\Illuminate\\Database\\Query\\Builder.php(3804): Illuminate\\Database\\MySqlConnection->insert()
#3 C:\\Users\\rraul\\Desktop\\Probando\\laravel-mid-level-project-task-api-raulquispe\\vendor\\laravel\\telescope\\src\\Storage\\DatabaseEntriesRepository.php(145): Illuminate\\Database\\Query\\Builder->insert()
#4 C:\\Users\\rraul\\Desktop\\Probando\\laravel-mid-level-project-task-api-raulquispe\\vendor\\laravel\\framework\\src\\Illuminate\\Collections\\Traits\\EnumeratesValues.php(271): Laravel\\Telescope\\Storage\\DatabaseEntriesRepository->Laravel\\Telescope\\Storage\\{closure}()
#5 C:\\Users\\rraul\\Desktop\\Probando\\laravel-mid-level-project-task-api-raulquispe\\vendor\\laravel\\telescope\\src\\Storage\\DatabaseEntriesRepository.php(144): Illuminate\\Support\\Collection->each()
#6 C:\\Users\\rraul\\Desktop\\Probando\\laravel-mid-level-project-task-api-raulquispe\\vendor\\laravel\\telescope\\src\\Telescope.php(664): Laravel\\Telescope\\Storage\\DatabaseEntriesRepository->store()
#7 [internal function]: Laravel\\Telescope\\Telescope::Laravel\\Telescope\\{closure}()
#8 C:\\Users\\rraul\\Desktop\\Probando\\laravel-mid-level-project-task-api-raulquispe\\vendor\\laravel\\telescope\\src\\Telescope.php(289): call_user_func()
#9 C:\\Users\\rraul\\Desktop\\Probando\\laravel-mid-level-project-task-api-raulquispe\\vendor\\laravel\\telescope\\src\\Telescope.php(656): Laravel\\Telescope\\Telescope::withoutRecording()
#10 C:\\Users\\rraul\\Desktop\\Probando\\laravel-mid-level-project-task-api-raulquispe\\vendor\\laravel\\telescope\\src\\ListensForStorageOpportunities.php(65): Laravel\\Telescope\\Telescope::store()
#11 C:\\Users\\rraul\\Desktop\\Probando\\laravel-mid-level-project-task-api-raulquispe\\vendor\\laravel\\framework\\src\\Illuminate\\Container\\BoundMethod.php(36): Laravel\\Telescope\\Telescope::Laravel\\Telescope\\{closure}()
#12 C:\\Users\\rraul\\Desktop\\Probando\\laravel-mid-level-project-task-api-raulquispe\\vendor\\laravel\\framework\\src\\Illuminate\\Container\\Util.php(43): Illuminate\\Container\\BoundMethod::Illuminate\\Container\\{closure}()
#13 C:\\Users\\rraul\\Desktop\\Probando\\laravel-mid-level-project-task-api-raulquispe\\vendor\\laravel\\framework\\src\\Illuminate\\Container\\BoundMethod.php(84): Illuminate\\Container\\Util::unwrapIfClosure()
#14 C:\\Users\\rraul\\Desktop\\Probando\\laravel-mid-level-project-task-api-raulquispe\\vendor\\laravel\\framework\\src\\Illuminate\\Container\\BoundMethod.php(35): Illuminate\\Container\\BoundMethod::callBoundMethod()
#15 C:\\Users\\rraul\\Desktop\\Probando\\laravel-mid-level-project-task-api-raulquispe\\vendor\\laravel\\framework\\src\\Illuminate\\Container\\Container.php(812): Illuminate\\Container\\BoundMethod::call()
#16 C:\\Users\\rraul\\Desktop\\Probando\\laravel-mid-level-project-task-api-raulquispe\\vendor\\laravel\\framework\\src\\Illuminate\\Foundation\\Application.php(1451): Illuminate\\Container\\Container->call()
#17 C:\\Users\\rraul\\Desktop\\Probando\\laravel-mid-level-project-task-api-raulquispe\\vendor\\laravel\\framework\\src\\Illuminate\\Foundation\\Console\\Kernel.php(218): Illuminate\\Foundation\\Application->terminate()
#18 C:\\Users\\rraul\\Desktop\\Probando\\laravel-mid-level-project-task-api-raulquispe\\vendor\\laravel\\framework\\src\\Illuminate\\Foundation\\Application.php(1239): Illuminate\\Foundation\\Console\\Kernel->terminate()
#19 C:\\Users\\rraul\\Desktop\\Probando\\laravel-mid-level-project-task-api-raulquispe\\artisan(16): Illuminate\\Foundation\\Application->handleCommand()
#20 {main}

[previous exception] [object] (PDOException(code: 42S02): SQLSTATE[42S02]: Base table or view not found: 1146 Table 'laravel.telescope_entries' doesn't exist at C:\\Users\\rraul\\Desktop\\Probando\\laravel-mid-level-project-task-api-raulquispe\\vendor\\laravel\\framework\\src\\Illuminate\\Database\\MySqlConnection.php:47)
[stacktrace]
#0 C:\\Users\\rraul\\Desktop\\Probando\\laravel-mid-level-project-task-api-raulquispe\\vendor\\laravel\\framework\\src\\Illuminate\\Database\\MySqlConnection.php(47): PDO->prepare()
#1 C:\\Users\\rraul\\Desktop\\Probando\\laravel-mid-level-project-task-api-raulquispe\\vendor\\laravel\\framework\\src\\Illuminate\\Database\\Connection.php(811): Illuminate\\Database\\MySqlConnection->Illuminate\\Database\\{closure}()
#2 C:\\Users\\rraul\\Desktop\\Probando\\laravel-mid-level-project-task-api-raulquispe\\vendor\\laravel\\framework\\src\\Illuminate\\Database\\Connection.php(778): Illuminate\\Database\\Connection->runQueryCallback()
#3 C:\\Users\\rraul\\Desktop\\Probando\\laravel-mid-level-project-task-api-raulquispe\\vendor\\laravel\\framework\\src\\Illuminate\\Database\\MySqlConnection.php(42): Illuminate\\Database\\Connection->run()
#4 C:\\Users\\rraul\\Desktop\\Probando\\laravel-mid-level-project-task-api-raulquispe\\vendor\\laravel\\framework\\src\\Illuminate\\Database\\Query\\Builder.php(3804): Illuminate\\Database\\MySqlConnection->insert()
#5 C:\\Users\\rraul\\Desktop\\Probando\\laravel-mid-level-project-task-api-raulquispe\\vendor\\laravel\\telescope\\src\\Storage\\DatabaseEntriesRepository.php(145): Illuminate\\Database\\Query\\Builder->insert()
#6 C:\\Users\\rraul\\Desktop\\Probando\\laravel-mid-level-project-task-api-raulquispe\\vendor\\laravel\\framework\\src\\Illuminate\\Collections\\Traits\\EnumeratesValues.php(271): Laravel\\Telescope\\Storage\\DatabaseEntriesRepository->Laravel\\Telescope\\Storage\\{closure}()
#7 C:\\Users\\rraul\\Desktop\\Probando\\laravel-mid-level-project-task-api-raulquispe\\vendor\\laravel\\telescope\\src\\Storage\\DatabaseEntriesRepository.php(144): Illuminate\\Support\\Collection->each()
#8 C:\\Users\\rraul\\Desktop\\Probando\\laravel-mid-level-project-task-api-raulquispe\\vendor\\laravel\\telescope\\src\\Telescope.php(664): Laravel\\Telescope\\Storage\\DatabaseEntriesRepository->store()
#9 [internal function]: Laravel\\Telescope\\Telescope::Laravel\\Telescope\\{closure}()
#10 C:\\Users\\rraul\\Desktop\\Probando\\laravel-mid-level-project-task-api-raulquispe\\vendor\\laravel\\telescope\\src\\Telescope.php(289): call_user_func()
#11 C:\\Users\\rraul\\Desktop\\Probando\\laravel-mid-level-project-task-api-raulquispe\\vendor\\laravel\\telescope\\src\\Telescope.php(656): Laravel\\Telescope\\Telescope::withoutRecording()
#12 C:\\Users\\rraul\\Desktop\\Probando\\laravel-mid-level-project-task-api-raulquispe\\vendor\\laravel\\telescope\\src\\ListensForStorageOpportunities.php(65): Laravel\\Telescope\\Telescope::store()
#13 C:\\Users\\rraul\\Desktop\\Probando\\laravel-mid-level-project-task-api-raulquispe\\vendor\\laravel\\framework\\src\\Illuminate\\Container\\BoundMethod.php(36): Laravel\\Telescope\\Telescope::Laravel\\Telescope\\{closure}()
#14 C:\\Users\\rraul\\Desktop\\Probando\\laravel-mid-level-project-task-api-raulquispe\\vendor\\laravel\\framework\\src\\Illuminate\\Container\\Util.php(43): Illuminate\\Container\\BoundMethod::Illuminate\\Container\\{closure}()
#15 C:\\Users\\rraul\\Desktop\\Probando\\laravel-mid-level-project-task-api-raulquispe\\vendor\\laravel\\framework\\src\\Illuminate\\Container\\BoundMethod.php(84): Illuminate\\Container\\Util::unwrapIfClosure()
#16 C:\\Users\\rraul\\Desktop\\Probando\\laravel-mid-level-project-task-api-raulquispe\\vendor\\laravel\\framework\\src\\Illuminate\\Container\\BoundMethod.php(35): Illuminate\\Container\\BoundMethod::callBoundMethod()
#17 C:\\Users\\rraul\\Desktop\\Probando\\laravel-mid-level-project-task-api-raulquispe\\vendor\\laravel\\framework\\src\\Illuminate\\Container\\Container.php(812): Illuminate\\Container\\BoundMethod::call()
#18 C:\\Users\\rraul\\Desktop\\Probando\\laravel-mid-level-project-task-api-raulquispe\\vendor\\laravel\\framework\\src\\Illuminate\\Foundation\\Application.php(1451): Illuminate\\Container\\Container->call()
#19 C:\\Users\\rraul\\Desktop\\Probando\\laravel-mid-level-project-task-api-raulquispe\\vendor\\laravel\\framework\\src\\Illuminate\\Foundation\\Console\\Kernel.php(218): Illuminate\\Foundation\\Application->terminate()
#20 C:\\Users\\rraul\\Desktop\\Probando\\laravel-mid-level-project-task-api-raulquispe\\vendor\\laravel\\framework\\src\\Illuminate\\Foundation\\Application.php(1239): Illuminate\\Foundation\\Console\\Kernel->terminate()
#21 C:\\Users\\rraul\\Desktop\\Probando\\laravel-mid-level-project-task-api-raulquispe\\artisan(16): Illuminate\\Foundation\\Application->handleCommand()
#22 {main}
"} 
